1619284042602:help
1619284056604:as
1619284071243:bs
1619284287622:gs
1619284287630:bs
1619284292372:gs
1619284323323:help
1619284326445:as
1619284336019:bs
1619284341771:gs
1619284477830:gd Роман
1619284564179:gc Комедия
1619284568979:gs
1619284583332:gd Комедия
1619284593410:help
1619284772587:as
1619284777847:ad Антон Павлович Чехов
1619284800829:ad Антон Павлович
1619284808428:ad "Антон Павлович"
1619284821730:ad ""
1619284890477:as
1619284904342:ad "Антон Павлович Чехов"
1619284932157:as
1619284938726:ad "Антон Павлович Чехов"
1619284948286:ad Антон Павлович Чехов
1619284953197:ad "Антон Павлович Чехов"
1619284979348:ac Пупкин Вася
1619284997755:ac "Pupkin Vasya"
1619285001435:as
1619285030075:ad ""
1619285045539:ad "Антон Павлович Чехов"
1619285053939:ad ""
1619285062555:ad sss
1619285068114:ad
1619285071842:as
1619285079395:ad "Pupkin Vasya"
1619285085714:bs
1619285341260:ab
1619285345074:help
1619285348259:bs
1619285570074:help
1619285625824:bu 4 Youth-2 "Lev Tolstoy1" "Drama1"
1619285642524:bu 4 Youth-2 "Lev Tolstoy" "Drama1"
1619285649893:bu 4 Youth-2 "Lev Tolstoy" "Drama"
1619285656009:bs
1619285664802:as
1619285672724:ac "Pupkin"
1619285700451:gc Comedy
1619285718317:bc "WTF" Puplin Comedy
1619285728691:bc "WTF" Pupkin Comedy
1619285736594:bs
1619285740347:help
1619285755618:bf WTF Pupkin
1619285784771:gd Comedy
1619285791123:gd sdfdsf
1619285805747:help
1619285809882:exit
1619296339235:help
1619296344529:as
1619296349241:gs
1619296351800:bs
1619296380225:gd Drama
1619296388905:gc Drama
1619296396097:gs Comedy
1619296410298:gc Comedy
1619296417528:gs
1619296425272:help
1619296437778:ac "Lev Tolstoy"
1619296445633:ac pupkin
1619296454138:ac Batistuta
1619296470408:as
1619296487586:bf "ttt" "tttt"
1619296517426:bf "War and Peace" ""
1619296533699:bf "War and Peace" "Lev Tolstoy"
1619296571018:bc "JAVA" pupkin comedy
1619296584313:bc JAVA Pupkin Comedy
1619296613682:bc JAVA pupkin comedy
1619296623618:bc JAVA pupkin Comedy
1619340606779:help
1619340867440:bs
1619340905087:as
1619340912720:gs
1619340926466:bc
1619341026984:bc "\nbs\nhelp"
1619341224857:help
1619342308367:as
1619342338478:ac ""
1619342357943:ac "Lev Tolstoy"
1619342389288:ac "Sergey Esenin"
1619342398926:as
1619342433079:bs
1619342496838:ac
1619342502406:ac""
1619342516903:ac ""
1619342554352:ad "Lev Tolstoy"
1619342622416:ad "Sergey Esenin"
1619342627198:as
1619342650376:ac "Sergey Esenin"
1619342654175:as
1619342669814:help
1619342680527:gs
1619342719967:gc "Poem"
1619342724079:gs
1619342740568:gd "Play"
1619342817815:gd "Poem"
1619342821854:gs
1619342845926:gc "\n"
1619342858735:gc "Poem"
1619342862522:gs
1619342883134:bs
1619342915503:bc "Russia"
1619342929671:help
1619342990161:bc "Russia" "Sergey Esenin" "Poem"
1619342995774:bs
1619343089866:bc "Anna Snegina" "Sergey Esenin" "Basnya"
1619343145944:bc "Vorona i lisa" "Ivan Krylov" "Basnya"
1619343191430:bf
1619343202623:bf "Poem"
1619343238184:bf "Sergey Esenin" "Drama"
1619343266560:bs "Ivan Krylov" "Poem"
1619343294344:bf "Ivan Krylov" "Poem"
1619343321472:bf "Ivan Krylov2" "Poem"
1619343339079:bf dsfdsf dsf
1619343367222:help
1619343372382:bu
1619343463905:bu 1 "War and Peaceful" "Lev Tolstoy" "Novella"
1619343467030:bs
1619343508873:bu 1 "War and Peaceful" "Ivan Krylov" "Poem"
1619343524584:bu 1 "War and Peaceful" "Lev Tolstoy" "Poem"
1619343540432:bu 1 "War and Peaceful" "Lev Tolstoy" "Comedy"
1619343559753:bu 1 "War and Peace" "Lev Tolstoy" "Drama"
1619343563342:bs
1619343589375:bsa "Lev Tolstoy"
1619343604607:bsa "Ivan Krylov"
